<?xml version="1.0" encoding="UTF-8"?>
<testsuite name="com.sh.usercare.db.service.UserServiceIntegrationTest" time="1.116" tests="13" errors="0" skipped="2" failures="0">
  <properties>
    <property name="idea.version" value="2016.2.2"/>
    <property name="java.runtime.name" value="Java(TM) SE Runtime Environment"/>
    <property name="sun.boot.library.path" value="/usr/lib/jvm/java-8-oracle/jre/lib/amd64"/>
    <property name="java.vm.version" value="25.101-b13"/>
    <property name="java.vm.vendor" value="Oracle Corporation"/>
    <property name="java.vendor.url" value="http://java.oracle.com/"/>
    <property name="path.separator" value=":"/>
    <property name="guice.disable.misplaced.annotation.check" value="true"/>
    <property name="java.vm.name" value="Java HotSpot(TM) 64-Bit Server VM"/>
    <property name="file.encoding.pkg" value="sun.io"/>
    <property name="idea.launcher.port" value="7532"/>
    <property name="user.country" value="US"/>
    <property name="sun.java.launcher" value="SUN_STANDARD"/>
    <property name="sun.os.patch.level" value="unknown"/>
    <property name="java.vm.specification.name" value="Java Virtual Machine Specification"/>
    <property name="user.dir" value="/home/fshuhrat/IdeaProjects/UserCare/UserCare-DB"/>
    <property name="java.runtime.version" value="1.8.0_101-b13"/>
    <property name="java.awt.graphicsenv" value="sun.awt.X11GraphicsEnvironment"/>
    <property name="java.endorsed.dirs" value="/usr/lib/jvm/java-8-oracle/jre/lib/endorsed"/>
    <property name="os.arch" value="amd64"/>
    <property name="java.io.tmpdir" value="/tmp"/>
    <property name="line.separator" value="&#10;"/>
    <property name="java.vm.specification.vendor" value="Oracle Corporation"/>
    <property name="os.name" value="Linux"/>
    <property name="classworlds.conf" value="/opt/idea-IU-162.1628.40/plugins/maven/lib/maven3/bin/m2.conf"/>
    <property name="sun.jnu.encoding" value="UTF-8"/>
    <property name="java.library.path" value="/opt/idea-IU-162.1628.40/bin::/usr/java/packages/lib/amd64:/usr/lib64:/lib64:/lib:/usr/lib"/>
    <property name="java.specification.name" value="Java Platform API Specification"/>
    <property name="java.class.version" value="52.0"/>
    <property name="sun.management.compiler" value="HotSpot 64-Bit Tiered Compilers"/>
    <property name="os.version" value="4.4.0-36-generic"/>
    <property name="user.home" value="/home/fshuhrat"/>
    <property name="user.timezone" value="Asia/Dushanbe"/>
    <property name="java.awt.printerjob" value="sun.print.PSPrinterJob"/>
    <property name="java.specification.version" value="1.8"/>
    <property name="idea.launcher.bin.path" value="/opt/idea-IU-162.1628.40/bin"/>
    <property name="file.encoding" value="UTF-8"/>
    <property name="user.name" value="fshuhrat"/>
    <property name="java.class.path" value="/opt/idea-IU-162.1628.40/plugins/maven/lib/maven3/boot/plexus-classworlds-2.4.jar:/opt/idea-IU-162.1628.40/lib/idea_rt.jar"/>
    <property name="java.vm.specification.version" value="1.8"/>
    <property name="sun.arch.data.model" value="64"/>
    <property name="java.home" value="/usr/lib/jvm/java-8-oracle/jre"/>
    <property name="sun.java.command" value="com.intellij.rt.execution.application.AppMain org.codehaus.classworlds.Launcher -Didea.version=2016.2.2 install"/>
    <property name="java.specification.vendor" value="Oracle Corporation"/>
    <property name="user.language" value="en"/>
    <property name="awt.toolkit" value="sun.awt.X11.XToolkit"/>
    <property name="java.vm.info" value="mixed mode"/>
    <property name="java.version" value="1.8.0_101"/>
    <property name="java.ext.dirs" value="/usr/lib/jvm/java-8-oracle/jre/lib/ext:/usr/java/packages/lib/ext"/>
    <property name="securerandom.source" value="file:/dev/./urandom"/>
    <property name="sun.boot.class.path" value="/usr/lib/jvm/java-8-oracle/jre/lib/resources.jar:/usr/lib/jvm/java-8-oracle/jre/lib/rt.jar:/usr/lib/jvm/java-8-oracle/jre/lib/sunrsasign.jar:/usr/lib/jvm/java-8-oracle/jre/lib/jsse.jar:/usr/lib/jvm/java-8-oracle/jre/lib/jce.jar:/usr/lib/jvm/java-8-oracle/jre/lib/charsets.jar:/usr/lib/jvm/java-8-oracle/jre/lib/jfr.jar:/usr/lib/jvm/java-8-oracle/jre/classes"/>
    <property name="java.vendor" value="Oracle Corporation"/>
    <property name="maven.home" value="/opt/idea-IU-162.1628.40/plugins/maven/lib/maven3"/>
    <property name="file.separator" value="/"/>
    <property name="java.vendor.url.bug" value="http://bugreport.sun.com/bugreport/"/>
    <property name="sun.cpu.endian" value="little"/>
    <property name="sun.io.unicode.encoding" value="UnicodeLittle"/>
    <property name="sun.desktop" value="gnome"/>
    <property name="sun.cpu.isalist" value=""/>
  </properties>
  <testcase name="saveUserPermissions" classname="com.sh.usercare.db.service.UserServiceIntegrationTest" time="0.516"/>
  <testcase name="getProjectUserByUsername" classname="com.sh.usercare.db.service.UserServiceIntegrationTest" time="0.031"/>
  <testcase name="getProjectStaff" classname="com.sh.usercare.db.service.UserServiceIntegrationTest" time="0.062"/>
  <testcase name="deleteUserPermissions" classname="com.sh.usercare.db.service.UserServiceIntegrationTest" time="0.081"/>
  <testcase name="getProjectUserById" classname="com.sh.usercare.db.service.UserServiceIntegrationTest" time="0.02"/>
  <testcase name="getUserByEmail" classname="com.sh.usercare.db.service.UserServiceIntegrationTest" time="0.033"/>
  <testcase name="createLogin" classname="com.sh.usercare.db.service.UserServiceIntegrationTest" time="0.186"/>
  <testcase name="findByProviderAndAccessToken" classname="com.sh.usercare.db.service.UserServiceIntegrationTest" time="0">
    <skipped/>
  </testcase>
  <testcase name="getUser" classname="com.sh.usercare.db.service.UserServiceIntegrationTest" time="0.081"/>
  <testcase name="getUserPermission" classname="com.sh.usercare.db.service.UserServiceIntegrationTest" time="0.019"/>
  <testcase name="getUsersList" classname="com.sh.usercare.db.service.UserServiceIntegrationTest" time="0.051"/>
  <testcase name="saveProfile" classname="com.sh.usercare.db.service.UserServiceIntegrationTest" time="0.036"/>
  <testcase name="updateOAuthToken" classname="com.sh.usercare.db.service.UserServiceIntegrationTest" time="0">
    <skipped/>
  </testcase>
</testsuite>